2019-01-21 19:15:09,810 [11] INFO  JingWuTong.Handle.exportAll_Timesharing_ReportsTime - 读取zfData表
2019-01-21 19:15:13,723 [11] INFO  JingWuTong.Handle.exportAll_Timesharing_ReportsTime - 表zfData完成
2019-01-21 19:15:14,582 [11] INFO  JingWuTong.Handle.exportAll_Timesharing_ReportsTime - 读取Data表
2019-01-21 19:15:19,928 [11] INFO  JingWuTong.Handle.exportAll_Timesharing_ReportsTime - 表Data完成
2019-01-21 19:15:19,985 [11] INFO  JingWuTong.Handle.exportAll_Timesharing_ReportsTime - 对讲机_线程开始
2019-01-21 19:15:20,023 [8] INFO  JingWuTong.Handle.exportAll_Timesharing_ReportsTime - 对讲机$__$331000000000$__$2$__$台州市公安局交通警察局$__$支队_线程开始
2019-01-21 19:15:20,024 [17] INFO  JingWuTong.Handle.exportAll_Timesharing_ReportsTime - 对讲机$__$331003000000$__$2$__$台州市公安局交通警察局直属二大队$__$支队_线程开始
2019-01-21 19:15:20,026 [18] INFO  JingWuTong.Handle.exportAll_Timesharing_ReportsTime - 对讲机$__$331004000000$__$2$__$台州市公安局交通警察局直属三大队$__$支队_线程开始
2019-01-21 19:15:20,026 [19] INFO  JingWuTong.Handle.exportAll_Timesharing_ReportsTime - 对讲机$__$331001000000$__$2$__$台州市公安局交通警察局直属四大队$__$支队_线程开始
2019-01-21 19:15:20,026 [9] INFO  JingWuTong.Handle.exportAll_Timesharing_ReportsTime - 对讲机$__$33100000000x$__$2$__$局机关$__$支队_线程开始
2019-01-21 19:15:20,027 [15] INFO  JingWuTong.Handle.exportAll_Timesharing_ReportsTime - 对讲机$__$331002000000$__$2$__$台州市公安局交通警察局直属一大队$__$支队_线程开始
2019-01-21 19:15:20,289 [11] INFO  JingWuTong.Handle.exportAll_Timesharing_ReportsTime - 对讲机_线程结束
2019-01-21 19:15:20,289 [11] INFO  JingWuTong.Handle.exportAll_Timesharing_ReportsTime - 执法记录仪_线程开始
2019-01-21 19:15:20,291 [20] INFO  JingWuTong.Handle.exportAll_Timesharing_ReportsTime - 对讲机$__$331005000000$__$2$__$台州市公安局交通警察局直属五大队$__$支队_线程开始
2019-01-21 19:15:20,429 [21] INFO  JingWuTong.Handle.exportAll_Timesharing_ReportsTime - 执法记录仪$__$331000000000$__$5$__$台州市公安局交通警察局$__$支队_线程开始
2019-01-21 19:15:20,559 [23] INFO  JingWuTong.Handle.exportAll_Timesharing_ReportsTime - 执法记录仪$__$331002000000$__$5$__$台州市公安局交通警察局直属一大队$__$支队_线程开始
2019-01-21 19:15:20,559 [22] INFO  JingWuTong.Handle.exportAll_Timesharing_ReportsTime - 执法记录仪$__$33100000000x$__$5$__$局机关$__$支队_线程开始
2019-01-21 19:15:20,891 [24] INFO  JingWuTong.Handle.exportAll_Timesharing_ReportsTime - 执法记录仪$__$331003000000$__$5$__$台州市公安局交通警察局直属二大队$__$支队_线程开始
2019-01-21 19:15:21,145 [25] INFO  JingWuTong.Handle.exportAll_Timesharing_ReportsTime - 执法记录仪$__$331004000000$__$5$__$台州市公安局交通警察局直属三大队$__$支队_线程开始
2019-01-21 19:15:21,487 [26] INFO  JingWuTong.Handle.exportAll_Timesharing_ReportsTime - 执法记录仪$__$331001000000$__$5$__$台州市公安局交通警察局直属四大队$__$支队_线程开始
2019-01-21 19:15:21,795 [11] INFO  JingWuTong.Handle.exportAll_Timesharing_ReportsTime - 执法记录仪_线程结束
2019-01-21 19:15:21,795 [11] INFO  JingWuTong.Handle.exportAll_Timesharing_ReportsTime - 警务通_线程开始
2019-01-21 19:15:21,860 [27] INFO  JingWuTong.Handle.exportAll_Timesharing_ReportsTime - 执法记录仪$__$331005000000$__$5$__$台州市公安局交通警察局直属五大队$__$支队_线程开始
2019-01-21 19:15:22,165 [28] INFO  JingWuTong.Handle.exportAll_Timesharing_ReportsTime - 警务通$__$331000000000$__$4$__$台州市公安局交通警察局$__$支队_线程开始
2019-01-21 19:15:22,388 [29] INFO  JingWuTong.Handle.exportAll_Timesharing_ReportsTime - 警务通$__$33100000000x$__$4$__$局机关$__$支队_线程开始
2019-01-21 19:15:22,737 [31] INFO  JingWuTong.Handle.exportAll_Timesharing_ReportsTime - 警务通$__$331003000000$__$4$__$台州市公安局交通警察局直属二大队$__$支队_线程开始
2019-01-21 19:15:22,773 [30] INFO  JingWuTong.Handle.exportAll_Timesharing_ReportsTime - 警务通$__$331002000000$__$4$__$台州市公安局交通警察局直属一大队$__$支队_线程开始
2019-01-21 19:15:23,423 [32] INFO  JingWuTong.Handle.exportAll_Timesharing_ReportsTime - 警务通$__$331004000000$__$4$__$台州市公安局交通警察局直属三大队$__$支队_线程开始
2019-01-21 19:15:23,602 [33] INFO  JingWuTong.Handle.exportAll_Timesharing_ReportsTime - 警务通$__$331001000000$__$4$__$台州市公安局交通警察局直属四大队$__$支队_线程开始
2019-01-21 19:15:24,100 [11] INFO  JingWuTong.Handle.exportAll_Timesharing_ReportsTime - 警务通_线程结束
2019-01-21 19:15:24,100 [11] INFO  JingWuTong.Handle.exportAll_Timesharing_ReportsTime - 辅警通_线程开始
2019-01-21 19:15:24,185 [34] INFO  JingWuTong.Handle.exportAll_Timesharing_ReportsTime - 警务通$__$331005000000$__$4$__$台州市公安局交通警察局直属五大队$__$支队_线程开始
2019-01-21 19:15:24,714 [35] INFO  JingWuTong.Handle.exportAll_Timesharing_ReportsTime - 辅警通$__$331000000000$__$6$__$台州市公安局交通警察局$__$支队_线程开始
2019-01-21 19:15:25,382 [36] INFO  JingWuTong.Handle.exportAll_Timesharing_ReportsTime - 辅警通$__$33100000000x$__$6$__$局机关$__$支队_线程开始
2019-01-21 19:15:26,563 [37] INFO  JingWuTong.Handle.exportAll_Timesharing_ReportsTime - 辅警通$__$331002000000$__$6$__$台州市公安局交通警察局直属一大队$__$支队_线程开始
2019-01-21 19:15:27,244 [38] INFO  JingWuTong.Handle.exportAll_Timesharing_ReportsTime - 辅警通$__$331003000000$__$6$__$台州市公安局交通警察局直属二大队$__$支队_线程开始
2019-01-21 19:15:28,054 [39] INFO  JingWuTong.Handle.exportAll_Timesharing_ReportsTime - 辅警通$__$331004000000$__$6$__$台州市公安局交通警察局直属三大队$__$支队_线程开始
2019-01-21 19:15:28,639 [40] INFO  JingWuTong.Handle.exportAll_Timesharing_ReportsTime - 辅警通$__$331001000000$__$6$__$台州市公安局交通警察局直属四大队$__$支队_线程开始
2019-01-21 19:15:29,393 [11] INFO  JingWuTong.Handle.exportAll_Timesharing_ReportsTime - 辅警通_线程结束
2019-01-21 19:15:29,393 [11] INFO  JingWuTong.Handle.exportAll_Timesharing_ReportsTime - 车载视频_线程开始
2019-01-21 19:15:29,425 [41] INFO  JingWuTong.Handle.exportAll_Timesharing_ReportsTime - 辅警通$__$331005000000$__$6$__$台州市公安局交通警察局直属五大队$__$支队_线程开始
2019-01-21 19:15:30,147 [42] INFO  JingWuTong.Handle.exportAll_Timesharing_ReportsTime - 车载视频$__$331000000000$__$1$__$台州市公安局交通警察局$__$支队_线程开始
2019-01-21 19:15:31,071 [43] INFO  JingWuTong.Handle.exportAll_Timesharing_ReportsTime - 车载视频$__$33100000000x$__$1$__$局机关$__$支队_线程开始
2019-01-21 19:15:31,933 [44] INFO  JingWuTong.Handle.exportAll_Timesharing_ReportsTime - 车载视频$__$331002000000$__$1$__$台州市公安局交通警察局直属一大队$__$支队_线程开始
2019-01-21 19:15:32,757 [26] INFO  JingWuTong.Handle.exportAll_Timesharing_ReportsTime - 执法记录仪$__$331001000000$__$5$__$台州市公安局交通警察局直属四大队$__$支队_线程结束
2019-01-21 19:15:32,946 [45] INFO  JingWuTong.Handle.exportAll_Timesharing_ReportsTime - 车载视频$__$331003000000$__$1$__$台州市公安局交通警察局直属二大队$__$支队_线程开始
2019-01-21 19:15:33,739 [46] INFO  JingWuTong.Handle.exportAll_Timesharing_ReportsTime - 车载视频$__$331004000000$__$1$__$台州市公安局交通警察局直属三大队$__$支队_线程开始
2019-01-21 19:15:33,846 [23] INFO  JingWuTong.Handle.exportAll_Timesharing_ReportsTime - 执法记录仪$__$331002000000$__$5$__$台州市公安局交通警察局直属一大队$__$支队_线程结束
2019-01-21 19:15:34,430 [27] INFO  JingWuTong.Handle.exportAll_Timesharing_ReportsTime - 执法记录仪$__$331005000000$__$5$__$台州市公安局交通警察局直属五大队$__$支队_线程结束
2019-01-21 19:15:35,077 [25] INFO  JingWuTong.Handle.exportAll_Timesharing_ReportsTime - 执法记录仪$__$331004000000$__$5$__$台州市公安局交通警察局直属三大队$__$支队_线程结束
2019-01-21 19:15:35,415 [24] INFO  JingWuTong.Handle.exportAll_Timesharing_ReportsTime - 执法记录仪$__$331003000000$__$5$__$台州市公安局交通警察局直属二大队$__$支队_线程结束
2019-01-21 19:15:35,485 [47] INFO  JingWuTong.Handle.exportAll_Timesharing_ReportsTime - 车载视频$__$331001000000$__$1$__$台州市公安局交通警察局直属四大队$__$支队_线程开始
2019-01-21 19:15:35,806 [11] INFO  JingWuTong.Handle.exportAll_Timesharing_ReportsTime - 车载视频_线程结束
2019-01-21 19:15:35,806 [11] INFO  JingWuTong.Handle.exportAll_Timesharing_ReportsTime - 拦截仪_线程开始
2019-01-21 19:15:35,817 [48] INFO  JingWuTong.Handle.exportAll_Timesharing_ReportsTime - 车载视频$__$331005000000$__$1$__$台州市公安局交通警察局直属五大队$__$支队_线程开始
2019-01-21 19:15:36,981 [22] INFO  JingWuTong.Handle.exportAll_Timesharing_ReportsTime - 执法记录仪$__$33100000000x$__$5$__$局机关$__$支队_线程结束
2019-01-21 19:15:36,981 [49] INFO  JingWuTong.Handle.exportAll_Timesharing_ReportsTime - 拦截仪$__$331000000000$__$3$__$台州市公安局交通警察局$__$支队_线程开始
2019-01-21 19:15:38,196 [50] INFO  JingWuTong.Handle.exportAll_Timesharing_ReportsTime - 拦截仪$__$33100000000x$__$3$__$局机关$__$支队_线程开始
2019-01-21 19:15:38,944 [51] INFO  JingWuTong.Handle.exportAll_Timesharing_ReportsTime - 拦截仪$__$331002000000$__$3$__$台州市公安局交通警察局直属一大队$__$支队_线程开始
2019-01-21 19:15:39,823 [52] INFO  JingWuTong.Handle.exportAll_Timesharing_ReportsTime - 拦截仪$__$331003000000$__$3$__$台州市公安局交通警察局直属二大队$__$支队_线程开始
2019-01-21 19:15:40,903 [53] INFO  JingWuTong.Handle.exportAll_Timesharing_ReportsTime - 拦截仪$__$331004000000$__$3$__$台州市公安局交通警察局直属三大队$__$支队_线程开始
2019-01-21 19:15:41,379 [54] INFO  JingWuTong.Handle.exportAll_Timesharing_ReportsTime - 拦截仪$__$331001000000$__$3$__$台州市公安局交通警察局直属四大队$__$支队_线程开始
2019-01-21 19:15:41,669 [31] INFO  JingWuTong.Handle.exportAll_Timesharing_ReportsTime - 警务通$__$331003000000$__$4$__$台州市公安局交通警察局直属二大队$__$支队_线程结束
2019-01-21 19:15:42,380 [55] INFO  JingWuTong.Handle.exportAll_Timesharing_ReportsTime - 拦截仪$__$331005000000$__$3$__$台州市公安局交通警察局直属五大队$__$支队_线程开始
2019-01-21 19:15:42,511 [11] INFO  JingWuTong.Handle.exportAll_Timesharing_ReportsTime - 拦截仪_线程结束
2019-01-21 19:15:42,903 [33] INFO  JingWuTong.Handle.exportAll_Timesharing_ReportsTime - 警务通$__$331001000000$__$4$__$台州市公安局交通警察局直属四大队$__$支队_线程结束
2019-01-21 19:15:43,603 [11] INFO  JingWuTong.Handle.exportAll_Timesharing_ReportsTime - 34
2019-01-21 19:15:43,635 [29] INFO  JingWuTong.Handle.exportAll_Timesharing_ReportsTime - 警务通$__$33100000000x$__$4$__$局机关$__$支队_线程结束
2019-01-21 19:15:44,154 [34] INFO  JingWuTong.Handle.exportAll_Timesharing_ReportsTime - 警务通$__$331005000000$__$4$__$台州市公安局交通警察局直属五大队$__$支队_线程结束
2019-01-21 19:15:44,612 [11] INFO  JingWuTong.Handle.exportAll_Timesharing_ReportsTime - 32
2019-01-21 19:15:44,936 [28] INFO  JingWuTong.Handle.exportAll_Timesharing_ReportsTime - 警务通$__$331000000000$__$4$__$台州市公安局交通警察局$__$支队_线程结束
2019-01-21 19:15:45,015 [21] INFO  JingWuTong.Handle.exportAll_Timesharing_ReportsTime - 执法记录仪$__$331000000000$__$5$__$台州市公安局交通警察局$__$支队_线程结束
2019-01-21 19:15:45,465 [20] INFO  JingWuTong.Handle.exportAll_Timesharing_ReportsTime - 对讲机$__$331005000000$__$2$__$台州市公安局交通警察局直属五大队$__$支队_线程结束
2019-01-21 19:15:45,495 [32] INFO  JingWuTong.Handle.exportAll_Timesharing_ReportsTime - 警务通$__$331004000000$__$4$__$台州市公安局交通警察局直属三大队$__$支队_线程结束
2019-01-21 19:15:46,469 [19] INFO  JingWuTong.Handle.exportAll_Timesharing_ReportsTime - 对讲机$__$331001000000$__$2$__$台州市公安局交通警察局直属四大队$__$支队_线程结束
2019-01-21 19:15:46,625 [11] INFO  JingWuTong.Handle.exportAll_Timesharing_ReportsTime - 27
2019-01-21 19:15:47,010 [30] INFO  JingWuTong.Handle.exportAll_Timesharing_ReportsTime - 警务通$__$331002000000$__$4$__$台州市公安局交通警察局直属一大队$__$支队_线程结束
2019-01-21 19:15:47,626 [11] INFO  JingWuTong.Handle.exportAll_Timesharing_ReportsTime - 26
2019-01-21 19:15:48,459 [37] INFO  JingWuTong.Handle.exportAll_Timesharing_ReportsTime - 辅警通$__$331002000000$__$6$__$台州市公安局交通警察局直属一大队$__$支队_线程结束
2019-01-21 19:15:48,834 [41] INFO  JingWuTong.Handle.exportAll_Timesharing_ReportsTime - 辅警通$__$331005000000$__$6$__$台州市公安局交通警察局直属五大队$__$支队_线程结束
2019-01-21 19:15:48,963 [11] INFO  JingWuTong.Handle.exportAll_Timesharing_ReportsTime - 24
2019-01-21 19:15:49,458 [36] INFO  JingWuTong.Handle.exportAll_Timesharing_ReportsTime - 辅警通$__$33100000000x$__$6$__$局机关$__$支队_线程结束
2019-01-21 19:15:49,519 [40] INFO  JingWuTong.Handle.exportAll_Timesharing_ReportsTime - 辅警通$__$331001000000$__$6$__$台州市公安局交通警察局直属四大队$__$支队_线程结束
2019-01-21 19:15:49,969 [11] INFO  JingWuTong.Handle.exportAll_Timesharing_ReportsTime - 22
2019-01-21 19:15:50,113 [38] INFO  JingWuTong.Handle.exportAll_Timesharing_ReportsTime - 辅警通$__$331003000000$__$6$__$台州市公安局交通警察局直属二大队$__$支队_线程结束
2019-01-21 19:15:50,857 [18] INFO  JingWuTong.Handle.exportAll_Timesharing_ReportsTime - 对讲机$__$331004000000$__$2$__$台州市公安局交通警察局直属三大队$__$支队_线程结束
2019-01-21 19:15:50,975 [11] INFO  JingWuTong.Handle.exportAll_Timesharing_ReportsTime - 20
2019-01-21 19:15:51,514 [17] INFO  JingWuTong.Handle.exportAll_Timesharing_ReportsTime - 对讲机$__$331003000000$__$2$__$台州市公安局交通警察局直属二大队$__$支队_线程结束
2019-01-21 19:15:51,521 [35] INFO  JingWuTong.Handle.exportAll_Timesharing_ReportsTime - 辅警通$__$331000000000$__$6$__$台州市公安局交通警察局$__$支队_线程结束
2019-01-21 19:15:51,607 [15] INFO  JingWuTong.Handle.exportAll_Timesharing_ReportsTime - 对讲机$__$331002000000$__$2$__$台州市公安局交通警察局直属一大队$__$支队_线程结束
2019-01-21 19:15:51,726 [45] INFO  JingWuTong.Handle.exportAll_Timesharing_ReportsTime - 车载视频$__$331003000000$__$1$__$台州市公安局交通警察局直属二大队$__$支队_线程结束
2019-01-21 19:15:51,889 [42] INFO  JingWuTong.Handle.exportAll_Timesharing_ReportsTime - 车载视频$__$331000000000$__$1$__$台州市公安局交通警察局$__$支队_线程结束
2019-01-21 19:15:51,905 [46] INFO  JingWuTong.Handle.exportAll_Timesharing_ReportsTime - 车载视频$__$331004000000$__$1$__$台州市公安局交通警察局直属三大队$__$支队_线程结束
2019-01-21 19:15:51,967 [44] INFO  JingWuTong.Handle.exportAll_Timesharing_ReportsTime - 车载视频$__$331002000000$__$1$__$台州市公安局交通警察局直属一大队$__$支队_线程结束
2019-01-21 19:15:51,976 [11] INFO  JingWuTong.Handle.exportAll_Timesharing_ReportsTime - 13
2019-01-21 19:15:52,080 [43] INFO  JingWuTong.Handle.exportAll_Timesharing_ReportsTime - 车载视频$__$33100000000x$__$1$__$局机关$__$支队_线程结束
2019-01-21 19:15:52,306 [39] INFO  JingWuTong.Handle.exportAll_Timesharing_ReportsTime - 辅警通$__$331004000000$__$6$__$台州市公安局交通警察局直属三大队$__$支队_线程结束
2019-01-21 19:15:52,536 [9] INFO  JingWuTong.Handle.exportAll_Timesharing_ReportsTime - 对讲机$__$33100000000x$__$2$__$局机关$__$支队_线程结束
2019-01-21 19:15:52,976 [11] INFO  JingWuTong.Handle.exportAll_Timesharing_ReportsTime - 10
2019-01-21 19:15:53,397 [48] INFO  JingWuTong.Handle.exportAll_Timesharing_ReportsTime - 车载视频$__$331005000000$__$1$__$台州市公安局交通警察局直属五大队$__$支队_线程结束
2019-01-21 19:15:53,558 [50] INFO  JingWuTong.Handle.exportAll_Timesharing_ReportsTime - 拦截仪$__$33100000000x$__$3$__$局机关$__$支队_线程结束
2019-01-21 19:15:53,587 [47] INFO  JingWuTong.Handle.exportAll_Timesharing_ReportsTime - 车载视频$__$331001000000$__$1$__$台州市公安局交通警察局直属四大队$__$支队_线程结束
2019-01-21 19:15:53,796 [53] INFO  JingWuTong.Handle.exportAll_Timesharing_ReportsTime - 拦截仪$__$331004000000$__$3$__$台州市公安局交通警察局直属三大队$__$支队_线程结束
2019-01-21 19:15:53,950 [51] INFO  JingWuTong.Handle.exportAll_Timesharing_ReportsTime - 拦截仪$__$331002000000$__$3$__$台州市公安局交通警察局直属一大队$__$支队_线程结束
2019-01-21 19:15:54,004 [11] INFO  JingWuTong.Handle.exportAll_Timesharing_ReportsTime - 5
2019-01-21 19:15:54,161 [49] INFO  JingWuTong.Handle.exportAll_Timesharing_ReportsTime - 拦截仪$__$331000000000$__$3$__$台州市公安局交通警察局$__$支队_线程结束
2019-01-21 19:15:54,261 [52] INFO  JingWuTong.Handle.exportAll_Timesharing_ReportsTime - 拦截仪$__$331003000000$__$3$__$台州市公安局交通警察局直属二大队$__$支队_线程结束
2019-01-21 19:15:54,500 [55] INFO  JingWuTong.Handle.exportAll_Timesharing_ReportsTime - 拦截仪$__$331005000000$__$3$__$台州市公安局交通警察局直属五大队$__$支队_线程结束
2019-01-21 19:15:54,823 [54] INFO  JingWuTong.Handle.exportAll_Timesharing_ReportsTime - 拦截仪$__$331001000000$__$3$__$台州市公安局交通警察局直属四大队$__$支队_线程结束
2019-01-21 19:15:54,841 [8] INFO  JingWuTong.Handle.exportAll_Timesharing_ReportsTime - 对讲机$__$331000000000$__$2$__$台州市公安局交通警察局$__$支队_线程结束
2019-01-21 19:15:55,004 [11] INFO  JingWuTong.Handle.exportAll_Timesharing_ReportsTime - 0
