2019-03-20 13:43:12,584 [49] INFO  JingWuTong.Handle.exportAll_Timesharing_ReportsTime - 读取zfData表
2019-03-20 13:43:13,907 [49] INFO  JingWuTong.Handle.exportAll_Timesharing_ReportsTime - 表zfData完成
2019-03-20 13:43:14,099 [49] INFO  JingWuTong.Handle.exportAll_Timesharing_ReportsTime - 读取Data表
2019-03-20 13:44:46,045 [49] INFO  JingWuTong.Handle.exportAll_Timesharing_ReportsTime - 表Data完成
2019-03-20 13:44:46,047 [49] INFO  JingWuTong.Handle.exportAll_Timesharing_ReportsTime - 对讲机_线程开始
2019-03-20 13:44:46,105 [41] INFO  JingWuTong.Handle.exportAll_Timesharing_ReportsTime - 对讲机$__$33100000000x$__$2$__$局机关$__$支队_线程开始
2019-03-20 13:44:46,105 [105] INFO  JingWuTong.Handle.exportAll_Timesharing_ReportsTime - 对讲机$__$331000000000$__$2$__$台州市公安局交通警察局$__$支队_线程开始
2019-03-20 13:44:46,106 [43] INFO  JingWuTong.Handle.exportAll_Timesharing_ReportsTime - 对讲机$__$331002000000$__$2$__$台州市公安局交通警察局直属一大队$__$支队_线程开始
2019-03-20 13:44:46,114 [109] INFO  JingWuTong.Handle.exportAll_Timesharing_ReportsTime - 对讲机$__$331003000000$__$2$__$台州市公安局交通警察局直属二大队$__$支队_线程开始
2019-03-20 13:44:46,136 [107] INFO  JingWuTong.Handle.exportAll_Timesharing_ReportsTime - 对讲机$__$331004000000$__$2$__$台州市公安局交通警察局直属三大队$__$支队_线程开始
2019-03-20 13:44:46,146 [101] INFO  JingWuTong.Handle.exportAll_Timesharing_ReportsTime - 对讲机$__$331001000000$__$2$__$台州市公安局交通警察局直属四大队$__$支队_线程开始
2019-03-20 13:44:46,158 [103] INFO  JingWuTong.Handle.exportAll_Timesharing_ReportsTime - 对讲机$__$331005000000$__$2$__$台州市公安局交通警察局直属五大队$__$支队_线程开始
2019-03-20 13:44:46,171 [98] INFO  JingWuTong.Handle.exportAll_Timesharing_ReportsTime - 对讲机$__$331021000000$__$2$__$玉环市公安局交通警察大队$__$支队_线程开始
2019-03-20 13:44:46,191 [45] INFO  JingWuTong.Handle.exportAll_Timesharing_ReportsTime - 对讲机$__$331022000000$__$2$__$三门县公安局交通警察大队$__$支队_线程开始
2019-03-20 13:44:46,214 [46] INFO  JingWuTong.Handle.exportAll_Timesharing_ReportsTime - 对讲机$__$331023000000$__$2$__$天台县公安局交通警察大队$__$支队_线程开始
2019-03-20 13:44:46,228 [47] INFO  JingWuTong.Handle.exportAll_Timesharing_ReportsTime - 对讲机$__$331024000000$__$2$__$仙居县公安局交通警察大队$__$支队_线程开始
2019-03-20 13:44:46,247 [48] INFO  JingWuTong.Handle.exportAll_Timesharing_ReportsTime - 对讲机$__$331081000000$__$2$__$温岭市公安局交通警察大队$__$支队_线程开始
2019-03-20 13:44:46,262 [51] INFO  JingWuTong.Handle.exportAll_Timesharing_ReportsTime - 对讲机$__$331082000000$__$2$__$临海市公安局交通警察大队$__$支队_线程开始
2019-03-20 13:44:46,264 [49] INFO  JingWuTong.Handle.exportAll_Timesharing_ReportsTime - 对讲机_线程结束
2019-03-20 13:44:46,622 [49] INFO  JingWuTong.Handle.exportAll_Timesharing_ReportsTime - 执法记录仪_线程开始
2019-03-20 13:44:47,545 [52] INFO  JingWuTong.Handle.exportAll_Timesharing_ReportsTime - 执法记录仪$__$331000000000$__$5$__$台州市公安局交通警察局$__$支队_线程开始
2019-03-20 13:44:47,995 [53] INFO  JingWuTong.Handle.exportAll_Timesharing_ReportsTime - 执法记录仪$__$33100000000x$__$5$__$局机关$__$支队_线程开始
2019-03-20 13:44:48,537 [54] INFO  JingWuTong.Handle.exportAll_Timesharing_ReportsTime - 执法记录仪$__$331002000000$__$5$__$台州市公安局交通警察局直属一大队$__$支队_线程开始
2019-03-20 13:44:48,954 [55] INFO  JingWuTong.Handle.exportAll_Timesharing_ReportsTime - 执法记录仪$__$331003000000$__$5$__$台州市公安局交通警察局直属二大队$__$支队_线程开始
2019-03-20 13:44:49,220 [56] INFO  JingWuTong.Handle.exportAll_Timesharing_ReportsTime - 执法记录仪$__$331004000000$__$5$__$台州市公安局交通警察局直属三大队$__$支队_线程开始
2019-03-20 13:44:49,806 [57] INFO  JingWuTong.Handle.exportAll_Timesharing_ReportsTime - 执法记录仪$__$331001000000$__$5$__$台州市公安局交通警察局直属四大队$__$支队_线程开始
2019-03-20 13:44:50,337 [58] INFO  JingWuTong.Handle.exportAll_Timesharing_ReportsTime - 执法记录仪$__$331005000000$__$5$__$台州市公安局交通警察局直属五大队$__$支队_线程开始
2019-03-20 13:44:52,011 [59] INFO  JingWuTong.Handle.exportAll_Timesharing_ReportsTime - 执法记录仪$__$331021000000$__$5$__$玉环市公安局交通警察大队$__$支队_线程开始
2019-03-20 13:44:52,933 [60] INFO  JingWuTong.Handle.exportAll_Timesharing_ReportsTime - 执法记录仪$__$331022000000$__$5$__$三门县公安局交通警察大队$__$支队_线程开始
2019-03-20 13:44:53,154 [61] INFO  JingWuTong.Handle.exportAll_Timesharing_ReportsTime - 执法记录仪$__$331023000000$__$5$__$天台县公安局交通警察大队$__$支队_线程开始
2019-03-20 13:44:53,669 [62] INFO  JingWuTong.Handle.exportAll_Timesharing_ReportsTime - 执法记录仪$__$331024000000$__$5$__$仙居县公安局交通警察大队$__$支队_线程开始
2019-03-20 13:44:55,206 [58] INFO  JingWuTong.Handle.exportAll_Timesharing_ReportsTime - 执法记录仪$__$331005000000$__$5$__$台州市公安局交通警察局直属五大队$__$支队_线程结束
2019-03-20 13:44:55,764 [57] INFO  JingWuTong.Handle.exportAll_Timesharing_ReportsTime - 执法记录仪$__$331001000000$__$5$__$台州市公安局交通警察局直属四大队$__$支队_线程结束
2019-03-20 13:44:55,830 [63] INFO  JingWuTong.Handle.exportAll_Timesharing_ReportsTime - 执法记录仪$__$331081000000$__$5$__$温岭市公安局交通警察大队$__$支队_线程开始
2019-03-20 13:44:56,325 [49] INFO  JingWuTong.Handle.exportAll_Timesharing_ReportsTime - 执法记录仪_线程结束
2019-03-20 13:44:56,325 [49] INFO  JingWuTong.Handle.exportAll_Timesharing_ReportsTime - 警务通_线程开始
2019-03-20 13:44:56,360 [64] INFO  JingWuTong.Handle.exportAll_Timesharing_ReportsTime - 执法记录仪$__$331082000000$__$5$__$临海市公安局交通警察大队$__$支队_线程开始
2019-03-20 13:44:56,645 [59] INFO  JingWuTong.Handle.exportAll_Timesharing_ReportsTime - 执法记录仪$__$331021000000$__$5$__$玉环市公安局交通警察大队$__$支队_线程结束
2019-03-20 13:44:56,858 [62] INFO  JingWuTong.Handle.exportAll_Timesharing_ReportsTime - 执法记录仪$__$331024000000$__$5$__$仙居县公安局交通警察大队$__$支队_线程结束
2019-03-20 13:44:57,374 [65] INFO  JingWuTong.Handle.exportAll_Timesharing_ReportsTime - 警务通$__$331000000000$__$4$__$台州市公安局交通警察局$__$支队_线程开始
2019-03-20 13:44:57,554 [53] INFO  JingWuTong.Handle.exportAll_Timesharing_ReportsTime - 执法记录仪$__$33100000000x$__$5$__$局机关$__$支队_线程结束
2019-03-20 13:44:57,407 [61] INFO  JingWuTong.Handle.exportAll_Timesharing_ReportsTime - 执法记录仪$__$331023000000$__$5$__$天台县公安局交通警察大队$__$支队_线程结束
2019-03-20 13:44:57,908 [54] INFO  JingWuTong.Handle.exportAll_Timesharing_ReportsTime - 执法记录仪$__$331002000000$__$5$__$台州市公安局交通警察局直属一大队$__$支队_线程结束
2019-03-20 13:44:57,901 [56] INFO  JingWuTong.Handle.exportAll_Timesharing_ReportsTime - 执法记录仪$__$331004000000$__$5$__$台州市公安局交通警察局直属三大队$__$支队_线程结束
2019-03-20 13:44:57,823 [60] INFO  JingWuTong.Handle.exportAll_Timesharing_ReportsTime - 执法记录仪$__$331022000000$__$5$__$三门县公安局交通警察大队$__$支队_线程结束
2019-03-20 13:44:58,323 [66] INFO  JingWuTong.Handle.exportAll_Timesharing_ReportsTime - 警务通$__$33100000000x$__$4$__$局机关$__$支队_线程开始
2019-03-20 13:44:58,786 [77] INFO  JingWuTong.Handle.exportAll_Timesharing_ReportsTime - 警务通$__$331002000000$__$4$__$台州市公安局交通警察局直属一大队$__$支队_线程开始
2019-03-20 13:44:58,800 [55] INFO  JingWuTong.Handle.exportAll_Timesharing_ReportsTime - 执法记录仪$__$331003000000$__$5$__$台州市公安局交通警察局直属二大队$__$支队_线程结束
2019-03-20 13:44:59,311 [94] INFO  JingWuTong.Handle.exportAll_Timesharing_ReportsTime - 警务通$__$331003000000$__$4$__$台州市公安局交通警察局直属二大队$__$支队_线程开始
2019-03-20 13:44:59,612 [67] INFO  JingWuTong.Handle.exportAll_Timesharing_ReportsTime - 警务通$__$331004000000$__$4$__$台州市公安局交通警察局直属三大队$__$支队_线程开始
2019-03-20 13:45:00,322 [70] INFO  JingWuTong.Handle.exportAll_Timesharing_ReportsTime - 警务通$__$331001000000$__$4$__$台州市公安局交通警察局直属四大队$__$支队_线程开始
2019-03-20 13:45:00,420 [63] INFO  JingWuTong.Handle.exportAll_Timesharing_ReportsTime - 执法记录仪$__$331081000000$__$5$__$温岭市公安局交通警察大队$__$支队_线程结束
2019-03-20 13:45:00,843 [72] INFO  JingWuTong.Handle.exportAll_Timesharing_ReportsTime - 警务通$__$331005000000$__$4$__$台州市公安局交通警察局直属五大队$__$支队_线程开始
2019-03-20 13:45:01,197 [71] INFO  JingWuTong.Handle.exportAll_Timesharing_ReportsTime - 警务通$__$331021000000$__$4$__$玉环市公安局交通警察大队$__$支队_线程开始
2019-03-20 13:45:01,939 [73] INFO  JingWuTong.Handle.exportAll_Timesharing_ReportsTime - 警务通$__$331022000000$__$4$__$三门县公安局交通警察大队$__$支队_线程开始
2019-03-20 13:45:02,491 [74] INFO  JingWuTong.Handle.exportAll_Timesharing_ReportsTime - 警务通$__$331023000000$__$4$__$天台县公安局交通警察大队$__$支队_线程开始
2019-03-20 13:45:03,103 [75] INFO  JingWuTong.Handle.exportAll_Timesharing_ReportsTime - 警务通$__$331024000000$__$4$__$仙居县公安局交通警察大队$__$支队_线程开始
2019-03-20 13:45:03,338 [76] INFO  JingWuTong.Handle.exportAll_Timesharing_ReportsTime - 警务通$__$331081000000$__$4$__$温岭市公安局交通警察大队$__$支队_线程开始
2019-03-20 13:45:03,543 [64] INFO  JingWuTong.Handle.exportAll_Timesharing_ReportsTime - 执法记录仪$__$331082000000$__$5$__$临海市公安局交通警察大队$__$支队_线程结束
2019-03-20 13:45:03,893 [49] INFO  JingWuTong.Handle.exportAll_Timesharing_ReportsTime - 警务通_线程结束
2019-03-20 13:45:03,893 [49] INFO  JingWuTong.Handle.exportAll_Timesharing_ReportsTime - 辅警通_线程开始
2019-03-20 13:45:04,051 [79] INFO  JingWuTong.Handle.exportAll_Timesharing_ReportsTime - 警务通$__$331082000000$__$4$__$临海市公安局交通警察大队$__$支队_线程开始
2019-03-20 13:45:04,636 [80] INFO  JingWuTong.Handle.exportAll_Timesharing_ReportsTime - 辅警通$__$331000000000$__$6$__$台州市公安局交通警察局$__$支队_线程开始
2019-03-20 13:45:05,119 [82] INFO  JingWuTong.Handle.exportAll_Timesharing_ReportsTime - 辅警通$__$33100000000x$__$6$__$局机关$__$支队_线程开始
2019-03-20 13:45:05,618 [85] INFO  JingWuTong.Handle.exportAll_Timesharing_ReportsTime - 辅警通$__$331002000000$__$6$__$台州市公安局交通警察局直属一大队$__$支队_线程开始
2019-03-20 13:45:06,032 [98] INFO  JingWuTong.Handle.exportAll_Timesharing_ReportsTime - 对讲机$__$331021000000$__$2$__$玉环市公安局交通警察大队$__$支队_线程结束
2019-03-20 13:45:06,462 [83] INFO  JingWuTong.Handle.exportAll_Timesharing_ReportsTime - 辅警通$__$331003000000$__$6$__$台州市公安局交通警察局直属二大队$__$支队_线程开始
2019-03-20 13:45:07,338 [86] INFO  JingWuTong.Handle.exportAll_Timesharing_ReportsTime - 辅警通$__$331004000000$__$6$__$台州市公安局交通警察局直属三大队$__$支队_线程开始
2019-03-20 13:45:07,865 [87] INFO  JingWuTong.Handle.exportAll_Timesharing_ReportsTime - 辅警通$__$331001000000$__$6$__$台州市公安局交通警察局直属四大队$__$支队_线程开始
2019-03-20 13:45:08,829 [91] INFO  JingWuTong.Handle.exportAll_Timesharing_ReportsTime - 辅警通$__$331005000000$__$6$__$台州市公安局交通警察局直属五大队$__$支队_线程开始
2019-03-20 13:45:09,033 [45] INFO  JingWuTong.Handle.exportAll_Timesharing_ReportsTime - 对讲机$__$331022000000$__$2$__$三门县公安局交通警察大队$__$支队_线程结束
2019-03-20 13:45:10,310 [90] INFO  JingWuTong.Handle.exportAll_Timesharing_ReportsTime - 辅警通$__$331021000000$__$6$__$玉环市公安局交通警察大队$__$支队_线程开始
2019-03-20 13:45:11,175 [47] INFO  JingWuTong.Handle.exportAll_Timesharing_ReportsTime - 对讲机$__$331024000000$__$2$__$仙居县公安局交通警察大队$__$支队_线程结束
2019-03-20 13:45:11,239 [20] INFO  JingWuTong.Handle.exportAll_Timesharing_ReportsTime - 辅警通$__$331022000000$__$6$__$三门县公安局交通警察大队$__$支队_线程开始
2019-03-20 13:45:12,437 [19] INFO  JingWuTong.Handle.exportAll_Timesharing_ReportsTime - 辅警通$__$331023000000$__$6$__$天台县公安局交通警察大队$__$支队_线程开始
2019-03-20 13:45:13,073 [18] INFO  JingWuTong.Handle.exportAll_Timesharing_ReportsTime - 辅警通$__$331024000000$__$6$__$仙居县公安局交通警察大队$__$支队_线程开始
2019-03-20 13:45:13,762 [101] INFO  JingWuTong.Handle.exportAll_Timesharing_ReportsTime - 对讲机$__$331001000000$__$2$__$台州市公安局交通警察局直属四大队$__$支队_线程结束
2019-03-20 13:45:13,868 [41] INFO  JingWuTong.Handle.exportAll_Timesharing_ReportsTime - 对讲机$__$33100000000x$__$2$__$局机关$__$支队_线程结束
2019-03-20 13:45:14,044 [17] INFO  JingWuTong.Handle.exportAll_Timesharing_ReportsTime - 辅警通$__$331081000000$__$6$__$温岭市公安局交通警察大队$__$支队_线程开始
2019-03-20 13:45:15,177 [51] INFO  JingWuTong.Handle.exportAll_Timesharing_ReportsTime - 对讲机$__$331082000000$__$2$__$临海市公安局交通警察大队$__$支队_线程结束
2019-03-20 13:45:15,548 [16] INFO  JingWuTong.Handle.exportAll_Timesharing_ReportsTime - 辅警通$__$331082000000$__$6$__$临海市公安局交通警察大队$__$支队_线程开始
2019-03-20 13:45:15,795 [49] INFO  JingWuTong.Handle.exportAll_Timesharing_ReportsTime - 辅警通_线程结束
2019-03-20 13:45:15,795 [49] INFO  JingWuTong.Handle.exportAll_Timesharing_ReportsTime - 车载视频_线程开始
2019-03-20 13:45:16,320 [46] INFO  JingWuTong.Handle.exportAll_Timesharing_ReportsTime - 对讲机$__$331023000000$__$2$__$天台县公安局交通警察大队$__$支队_线程结束
2019-03-20 13:45:16,574 [15] INFO  JingWuTong.Handle.exportAll_Timesharing_ReportsTime - 车载视频$__$331000000000$__$1$__$台州市公安局交通警察局$__$支队_线程开始
2019-03-20 13:45:17,699 [115] INFO  JingWuTong.Handle.exportAll_Timesharing_ReportsTime - 车载视频$__$33100000000x$__$1$__$局机关$__$支队_线程开始
2019-03-20 13:45:18,130 [48] INFO  JingWuTong.Handle.exportAll_Timesharing_ReportsTime - 对讲机$__$331081000000$__$2$__$温岭市公安局交通警察大队$__$支队_线程结束
2019-03-20 13:45:18,671 [52] INFO  JingWuTong.Handle.exportAll_Timesharing_ReportsTime - 执法记录仪$__$331000000000$__$5$__$台州市公安局交通警察局$__$支队_线程结束
2019-03-20 13:45:18,789 [69] INFO  JingWuTong.Handle.exportAll_Timesharing_ReportsTime - 车载视频$__$331002000000$__$1$__$台州市公安局交通警察局直属一大队$__$支队_线程开始
2019-03-20 13:45:19,866 [131] INFO  JingWuTong.Handle.exportAll_Timesharing_ReportsTime - 车载视频$__$331003000000$__$1$__$台州市公安局交通警察局直属二大队$__$支队_线程开始
2019-03-20 13:45:20,483 [132] INFO  JingWuTong.Handle.exportAll_Timesharing_ReportsTime - 车载视频$__$331004000000$__$1$__$台州市公安局交通警察局直属三大队$__$支队_线程开始
2019-03-20 13:45:21,829 [135] INFO  JingWuTong.Handle.exportAll_Timesharing_ReportsTime - 车载视频$__$331001000000$__$1$__$台州市公安局交通警察局直属四大队$__$支队_线程开始
2019-03-20 13:45:22,256 [72] INFO  JingWuTong.Handle.exportAll_Timesharing_ReportsTime - 警务通$__$331005000000$__$4$__$台州市公安局交通警察局直属五大队$__$支队_线程结束
2019-03-20 13:45:22,913 [129] INFO  JingWuTong.Handle.exportAll_Timesharing_ReportsTime - 车载视频$__$331005000000$__$1$__$台州市公安局交通警察局直属五大队$__$支队_线程开始
2019-03-20 13:45:23,063 [82] INFO  JingWuTong.Handle.exportAll_Timesharing_ReportsTime - 辅警通$__$33100000000x$__$6$__$局机关$__$支队_线程结束
2019-03-20 13:45:23,757 [134] INFO  JingWuTong.Handle.exportAll_Timesharing_ReportsTime - 车载视频$__$331021000000$__$1$__$玉环市公安局交通警察大队$__$支队_线程开始
2019-03-20 13:45:24,582 [103] INFO  JingWuTong.Handle.exportAll_Timesharing_ReportsTime - 对讲机$__$331005000000$__$2$__$台州市公安局交通警察局直属五大队$__$支队_线程结束
2019-03-20 13:45:24,920 [68] INFO  JingWuTong.Handle.exportAll_Timesharing_ReportsTime - 车载视频$__$331022000000$__$1$__$三门县公安局交通警察大队$__$支队_线程开始
2019-03-20 13:45:25,799 [109] INFO  JingWuTong.Handle.exportAll_Timesharing_ReportsTime - 对讲机$__$331003000000$__$2$__$台州市公安局交通警察局直属二大队$__$支队_线程结束
2019-03-20 13:45:26,311 [87] INFO  JingWuTong.Handle.exportAll_Timesharing_ReportsTime - 辅警通$__$331001000000$__$6$__$台州市公安局交通警察局直属四大队$__$支队_线程结束
2019-03-20 13:45:26,318 [127] INFO  JingWuTong.Handle.exportAll_Timesharing_ReportsTime - 车载视频$__$331023000000$__$1$__$天台县公安局交通警察大队$__$支队_线程开始
2019-03-20 13:45:26,909 [126] INFO  JingWuTong.Handle.exportAll_Timesharing_ReportsTime - 车载视频$__$331024000000$__$1$__$仙居县公安局交通警察大队$__$支队_线程开始
2019-03-20 13:45:27,423 [90] INFO  JingWuTong.Handle.exportAll_Timesharing_ReportsTime - 辅警通$__$331021000000$__$6$__$玉环市公安局交通警察大队$__$支队_线程结束
2019-03-20 13:45:28,436 [123] INFO  JingWuTong.Handle.exportAll_Timesharing_ReportsTime - 车载视频$__$331081000000$__$1$__$温岭市公安局交通警察大队$__$支队_线程开始
2019-03-20 13:45:28,826 [91] INFO  JingWuTong.Handle.exportAll_Timesharing_ReportsTime - 辅警通$__$331005000000$__$6$__$台州市公安局交通警察局直属五大队$__$支队_线程结束
2019-03-20 13:45:28,918 [20] INFO  JingWuTong.Handle.exportAll_Timesharing_ReportsTime - 辅警通$__$331022000000$__$6$__$三门县公安局交通警察大队$__$支队_线程结束
2019-03-20 13:45:29,340 [113] INFO  JingWuTong.Handle.exportAll_Timesharing_ReportsTime - 车载视频$__$331082000000$__$1$__$临海市公安局交通警察大队$__$支队_线程开始
2019-03-20 13:45:29,608 [49] INFO  JingWuTong.Handle.exportAll_Timesharing_ReportsTime - 车载视频_线程结束
2019-03-20 13:45:29,608 [49] INFO  JingWuTong.Handle.exportAll_Timesharing_ReportsTime - 拦截仪_线程开始
2019-03-20 13:45:29,687 [66] INFO  JingWuTong.Handle.exportAll_Timesharing_ReportsTime - 警务通$__$33100000000x$__$4$__$局机关$__$支队_线程结束
2019-03-20 13:45:30,509 [116] INFO  JingWuTong.Handle.exportAll_Timesharing_ReportsTime - 拦截仪$__$331000000000$__$3$__$台州市公安局交通警察局$__$支队_线程开始
2019-03-20 13:45:31,660 [120] INFO  JingWuTong.Handle.exportAll_Timesharing_ReportsTime - 拦截仪$__$33100000000x$__$3$__$局机关$__$支队_线程开始
2019-03-20 13:45:32,240 [107] INFO  JingWuTong.Handle.exportAll_Timesharing_ReportsTime - 对讲机$__$331004000000$__$2$__$台州市公安局交通警察局直属三大队$__$支队_线程结束
2019-03-20 13:45:32,334 [115] INFO  JingWuTong.Handle.exportAll_Timesharing_ReportsTime - 车载视频$__$33100000000x$__$1$__$局机关$__$支队_线程结束
2019-03-20 13:45:32,362 [19] INFO  JingWuTong.Handle.exportAll_Timesharing_ReportsTime - 辅警通$__$331023000000$__$6$__$天台县公安局交通警察大队$__$支队_线程结束
2019-03-20 13:45:32,745 [70] INFO  JingWuTong.Handle.exportAll_Timesharing_ReportsTime - 警务通$__$331001000000$__$4$__$台州市公安局交通警察局直属四大队$__$支队_线程结束
2019-03-20 13:45:32,818 [16] INFO  JingWuTong.Handle.exportAll_Timesharing_ReportsTime - 辅警通$__$331082000000$__$6$__$临海市公安局交通警察大队$__$支队_线程结束
2019-03-20 13:45:33,107 [121] INFO  JingWuTong.Handle.exportAll_Timesharing_ReportsTime - 拦截仪$__$331002000000$__$3$__$台州市公安局交通警察局直属一大队$__$支队_线程开始
2019-03-20 13:45:33,462 [17] INFO  JingWuTong.Handle.exportAll_Timesharing_ReportsTime - 辅警通$__$331081000000$__$6$__$温岭市公安局交通警察大队$__$支队_线程结束
2019-03-20 13:45:33,637 [18] INFO  JingWuTong.Handle.exportAll_Timesharing_ReportsTime - 辅警通$__$331024000000$__$6$__$仙居县公安局交通警察大队$__$支队_线程结束
2019-03-20 13:45:34,327 [117] INFO  JingWuTong.Handle.exportAll_Timesharing_ReportsTime - 拦截仪$__$331003000000$__$3$__$台州市公安局交通警察局直属二大队$__$支队_线程开始
2019-03-20 13:45:34,843 [92] INFO  JingWuTong.Handle.exportAll_Timesharing_ReportsTime - 拦截仪$__$331004000000$__$3$__$台州市公安局交通警察局直属三大队$__$支队_线程开始
2019-03-20 13:45:35,697 [13] INFO  JingWuTong.Handle.exportAll_Timesharing_ReportsTime - 拦截仪$__$331001000000$__$3$__$台州市公安局交通警察局直属四大队$__$支队_线程开始
2019-03-20 13:45:36,496 [94] INFO  JingWuTong.Handle.exportAll_Timesharing_ReportsTime - 警务通$__$331003000000$__$4$__$台州市公安局交通警察局直属二大队$__$支队_线程结束
2019-03-20 13:45:37,042 [77] INFO  JingWuTong.Handle.exportAll_Timesharing_ReportsTime - 警务通$__$331002000000$__$4$__$台州市公安局交通警察局直属一大队$__$支队_线程结束
2019-03-20 13:45:37,256 [130] INFO  JingWuTong.Handle.exportAll_Timesharing_ReportsTime - 拦截仪$__$331005000000$__$3$__$台州市公安局交通警察局直属五大队$__$支队_线程开始
2019-03-20 13:45:38,034 [111] INFO  JingWuTong.Handle.exportAll_Timesharing_ReportsTime - 拦截仪$__$331021000000$__$3$__$玉环市公安局交通警察大队$__$支队_线程开始
2019-03-20 13:45:39,305 [11] INFO  JingWuTong.Handle.exportAll_Timesharing_ReportsTime - 拦截仪$__$331022000000$__$3$__$三门县公安局交通警察大队$__$支队_线程开始
2019-03-20 13:45:40,806 [128] INFO  JingWuTong.Handle.exportAll_Timesharing_ReportsTime - 拦截仪$__$331023000000$__$3$__$天台县公安局交通警察大队$__$支队_线程开始
2019-03-20 13:45:40,960 [134] INFO  JingWuTong.Handle.exportAll_Timesharing_ReportsTime - 车载视频$__$331021000000$__$1$__$玉环市公安局交通警察大队$__$支队_线程结束
2019-03-20 13:45:41,675 [95] INFO  JingWuTong.Handle.exportAll_Timesharing_ReportsTime - 拦截仪$__$331024000000$__$3$__$仙居县公安局交通警察大队$__$支队_线程开始
2019-03-20 13:45:41,827 [68] INFO  JingWuTong.Handle.exportAll_Timesharing_ReportsTime - 车载视频$__$331022000000$__$1$__$三门县公安局交通警察大队$__$支队_线程结束
2019-03-20 13:45:41,841 [129] INFO  JingWuTong.Handle.exportAll_Timesharing_ReportsTime - 车载视频$__$331005000000$__$1$__$台州市公安局交通警察局直属五大队$__$支队_线程结束
2019-03-20 13:45:41,919 [43] INFO  JingWuTong.Handle.exportAll_Timesharing_ReportsTime - 对讲机$__$331002000000$__$2$__$台州市公安局交通警察局直属一大队$__$支队_线程结束
2019-03-20 13:45:42,221 [75] INFO  JingWuTong.Handle.exportAll_Timesharing_ReportsTime - 警务通$__$331024000000$__$4$__$仙居县公安局交通警察大队$__$支队_线程结束
2019-03-20 13:45:42,600 [119] INFO  JingWuTong.Handle.exportAll_Timesharing_ReportsTime - 拦截仪$__$331081000000$__$3$__$温岭市公安局交通警察大队$__$支队_线程开始
2019-03-20 13:45:42,629 [83] INFO  JingWuTong.Handle.exportAll_Timesharing_ReportsTime - 辅警通$__$331003000000$__$6$__$台州市公安局交通警察局直属二大队$__$支队_线程结束
2019-03-20 13:45:42,952 [85] INFO  JingWuTong.Handle.exportAll_Timesharing_ReportsTime - 辅警通$__$331002000000$__$6$__$台州市公安局交通警察局直属一大队$__$支队_线程结束
2019-03-20 13:45:43,068 [100] INFO  JingWuTong.Handle.exportAll_Timesharing_ReportsTime - 拦截仪$__$331082000000$__$3$__$临海市公安局交通警察大队$__$支队_线程开始
2019-03-20 13:45:43,290 [49] INFO  JingWuTong.Handle.exportAll_Timesharing_ReportsTime - 拦截仪_线程结束
2019-03-20 13:45:43,458 [15] INFO  JingWuTong.Handle.exportAll_Timesharing_ReportsTime - 车载视频$__$331000000000$__$1$__$台州市公安局交通警察局$__$支队_线程结束
2019-03-20 13:45:44,332 [127] INFO  JingWuTong.Handle.exportAll_Timesharing_ReportsTime - 车载视频$__$331023000000$__$1$__$天台县公安局交通警察大队$__$支队_线程结束
2019-03-20 13:45:44,366 [49] INFO  JingWuTong.Handle.exportAll_Timesharing_ReportsTime - 30
2019-03-20 13:45:46,295 [135] INFO  JingWuTong.Handle.exportAll_Timesharing_ReportsTime - 车载视频$__$331001000000$__$1$__$台州市公安局交通警察局直属四大队$__$支队_线程结束
2019-03-20 13:45:45,918 [123] INFO  JingWuTong.Handle.exportAll_Timesharing_ReportsTime - 车载视频$__$331081000000$__$1$__$温岭市公安局交通警察大队$__$支队_线程结束
2019-03-20 13:45:45,199 [131] INFO  JingWuTong.Handle.exportAll_Timesharing_ReportsTime - 车载视频$__$331003000000$__$1$__$台州市公安局交通警察局直属二大队$__$支队_线程结束
2019-03-20 13:45:45,017 [126] INFO  JingWuTong.Handle.exportAll_Timesharing_ReportsTime - 车载视频$__$331024000000$__$1$__$仙居县公安局交通警察大队$__$支队_线程结束
2019-03-20 13:45:46,423 [69] INFO  JingWuTong.Handle.exportAll_Timesharing_ReportsTime - 车载视频$__$331002000000$__$1$__$台州市公安局交通警察局直属一大队$__$支队_线程结束
2019-03-20 13:45:44,891 [73] INFO  JingWuTong.Handle.exportAll_Timesharing_ReportsTime - 警务通$__$331022000000$__$4$__$三门县公安局交通警察大队$__$支队_线程结束
2019-03-20 13:45:46,224 [67] INFO  JingWuTong.Handle.exportAll_Timesharing_ReportsTime - 警务通$__$331004000000$__$4$__$台州市公安局交通警察局直属三大队$__$支队_线程结束
2019-03-20 13:45:44,437 [71] INFO  JingWuTong.Handle.exportAll_Timesharing_ReportsTime - 警务通$__$331021000000$__$4$__$玉环市公安局交通警察大队$__$支队_线程结束
2019-03-20 13:45:48,490 [113] INFO  JingWuTong.Handle.exportAll_Timesharing_ReportsTime - 车载视频$__$331082000000$__$1$__$临海市公安局交通警察大队$__$支队_线程结束
2019-03-20 13:45:47,523 [49] INFO  JingWuTong.Handle.exportAll_Timesharing_ReportsTime - 27
2019-03-20 13:45:49,093 [121] INFO  JingWuTong.Handle.exportAll_Timesharing_ReportsTime - 拦截仪$__$331002000000$__$3$__$台州市公安局交通警察局直属一大队$__$支队_线程结束
2019-03-20 13:45:49,214 [74] INFO  JingWuTong.Handle.exportAll_Timesharing_ReportsTime - 警务通$__$331023000000$__$4$__$天台县公安局交通警察大队$__$支队_线程结束
2019-03-20 13:45:49,842 [120] INFO  JingWuTong.Handle.exportAll_Timesharing_ReportsTime - 拦截仪$__$33100000000x$__$3$__$局机关$__$支队_线程结束
2019-03-20 13:45:50,457 [13] INFO  JingWuTong.Handle.exportAll_Timesharing_ReportsTime - 拦截仪$__$331001000000$__$3$__$台州市公安局交通警察局直属四大队$__$支队_线程结束
2019-03-20 13:45:50,629 [49] INFO  JingWuTong.Handle.exportAll_Timesharing_ReportsTime - 17
2019-03-20 13:45:51,128 [86] INFO  JingWuTong.Handle.exportAll_Timesharing_ReportsTime - 辅警通$__$331004000000$__$6$__$台州市公安局交通警察局直属三大队$__$支队_线程结束
2019-03-20 13:45:51,140 [117] INFO  JingWuTong.Handle.exportAll_Timesharing_ReportsTime - 拦截仪$__$331003000000$__$3$__$台州市公安局交通警察局直属二大队$__$支队_线程结束
2019-03-20 13:45:51,422 [116] INFO  JingWuTong.Handle.exportAll_Timesharing_ReportsTime - 拦截仪$__$331000000000$__$3$__$台州市公安局交通警察局$__$支队_线程结束
2019-03-20 13:45:51,535 [132] INFO  JingWuTong.Handle.exportAll_Timesharing_ReportsTime - 车载视频$__$331004000000$__$1$__$台州市公安局交通警察局直属三大队$__$支队_线程结束
2019-03-20 13:45:51,737 [92] INFO  JingWuTong.Handle.exportAll_Timesharing_ReportsTime - 拦截仪$__$331004000000$__$3$__$台州市公安局交通警察局直属三大队$__$支队_线程结束
2019-03-20 13:45:51,828 [49] INFO  JingWuTong.Handle.exportAll_Timesharing_ReportsTime - 13
2019-03-20 13:45:52,395 [79] INFO  JingWuTong.Handle.exportAll_Timesharing_ReportsTime - 警务通$__$331082000000$__$4$__$临海市公安局交通警察大队$__$支队_线程结束
2019-03-20 13:45:52,423 [111] INFO  JingWuTong.Handle.exportAll_Timesharing_ReportsTime - 拦截仪$__$331021000000$__$3$__$玉环市公安局交通警察大队$__$支队_线程结束
2019-03-20 13:45:52,853 [130] INFO  JingWuTong.Handle.exportAll_Timesharing_ReportsTime - 拦截仪$__$331005000000$__$3$__$台州市公安局交通警察局直属五大队$__$支队_线程结束
2019-03-20 13:45:52,908 [49] INFO  JingWuTong.Handle.exportAll_Timesharing_ReportsTime - 9
2019-03-20 13:45:52,987 [11] INFO  JingWuTong.Handle.exportAll_Timesharing_ReportsTime - 拦截仪$__$331022000000$__$3$__$三门县公安局交通警察大队$__$支队_线程结束
2019-03-20 13:45:53,099 [105] INFO  JingWuTong.Handle.exportAll_Timesharing_ReportsTime - 对讲机$__$331000000000$__$2$__$台州市公安局交通警察局$__$支队_线程结束
2019-03-20 13:45:53,506 [95] INFO  JingWuTong.Handle.exportAll_Timesharing_ReportsTime - 拦截仪$__$331024000000$__$3$__$仙居县公安局交通警察大队$__$支队_线程结束
2019-03-20 13:45:53,636 [119] INFO  JingWuTong.Handle.exportAll_Timesharing_ReportsTime - 拦截仪$__$331081000000$__$3$__$温岭市公安局交通警察大队$__$支队_线程结束
2019-03-20 13:45:53,825 [128] INFO  JingWuTong.Handle.exportAll_Timesharing_ReportsTime - 拦截仪$__$331023000000$__$3$__$天台县公安局交通警察大队$__$支队_线程结束
2019-03-20 13:45:53,910 [100] INFO  JingWuTong.Handle.exportAll_Timesharing_ReportsTime - 拦截仪$__$331082000000$__$3$__$临海市公安局交通警察大队$__$支队_线程结束
2019-03-20 13:45:53,910 [49] INFO  JingWuTong.Handle.exportAll_Timesharing_ReportsTime - 3
2019-03-20 13:45:54,242 [76] INFO  JingWuTong.Handle.exportAll_Timesharing_ReportsTime - 警务通$__$331081000000$__$4$__$温岭市公安局交通警察大队$__$支队_线程结束
2019-03-20 13:45:54,287 [65] INFO  JingWuTong.Handle.exportAll_Timesharing_ReportsTime - 警务通$__$331000000000$__$4$__$台州市公安局交通警察局$__$支队_线程结束
2019-03-20 13:45:54,424 [80] INFO  JingWuTong.Handle.exportAll_Timesharing_ReportsTime - 辅警通$__$331000000000$__$6$__$台州市公安局交通警察局$__$支队_线程结束
2019-03-20 13:45:54,912 [49] INFO  JingWuTong.Handle.exportAll_Timesharing_ReportsTime - 0
